<?xml version="1.0" encoding="UTF-8"?>
<Site BuildName="(empty)"
	BuildStamp="20220322-2140-Experimental"
	Name="(empty)"
	Generator="ctest-3.22.2"
	CompilerName=""
	CompilerVersion=""
	OSName="Linux"
	Hostname="BigVoidCock"
	OSRelease="5.15.28_1"
	OSVersion="#1 SMP Sun Mar 13 14:42:28 UTC 2022"
	OSPlatform="x86_64"
	Is64Bits="1"
	VendorString="AuthenticAMD"
	VendorID="Advanced Micro Devices"
	FamilyID="23"
	ModelID="113"
	ProcessorCacheSize="512"
	NumberOfLogicalCPU="12"
	NumberOfPhysicalCPU="6"
	TotalVirtualMemory="2047"
	TotalPhysicalMemory="15994"
	LogicalProcessorsPerPhysical="2"
	ProcessorClockFrequency="2200"
	>
	<Testing>
		<StartDateTime>Mar 22 17:40 EDT</StartDateTime>
		<StartTestTime>1647985217</StartTestTime>
		<TestList/>
		<EndDateTime>Mar 22 17:40 EDT</EndDateTime>
		<EndTestTime>1647985217</EndTestTime>
		<ElapsedMinutes>0</ElapsedMinutes>
	</Testing>
</Site>
